<?xml version="1.0" encoding="UTF-8"?>
<!-- Generated by org.testng.reporters.JUnitReportReporter -->
<testsuite hostname="LAPTOP-7QKK0S96" failures="0" tests="1" name="day06.Program02" time="0.055" errors="0" timestamp="2023-02-25T09:55:43 IST" skipped="0">
  <testcase classname="day06.Program02" name="testcase2" time="0.055"/>
  <system-out/>
</testsuite> <!-- day06.Program02 -->
