<?xml version="1.0" encoding="UTF-8"?>
<!-- Generated by org.testng.reporters.JUnitReportReporter -->
<testsuite hostname="LAPTOP-7QKK0S96" failures="0" tests="1" name="day05.Program01" time="0.050" errors="0" timestamp="2023-02-24T11:22:30 IST" skipped="0">
  <testcase classname="day05.Program01" name="test" time="0.050"/>
  <system-out/>
</testsuite> <!-- day05.Program01 -->
