<?xml version="1.0" encoding="UTF-8"?>
<!-- Generated by org.testng.reporters.JUnitReportReporter -->
<testsuite hostname="LAPTOP-7QKK0S96" failures="0" tests="4" name="day05.Program04" time="0.179" errors="0" timestamp="2023-02-24T12:05:16 IST" skipped="0">
  <testcase classname="day05.Program04" name="testcase1" time="0.130"/>
  <system-out/>
  <testcase classname="day05.Program04" name="testcase2" time="0.009"/>
  <system-out/>
  <testcase classname="day05.Program04" name="testcase4" time="0.010"/>
  <system-out/>
  <testcase classname="day05.Program04" name="testcase3" time="0.030"/>
  <system-out/>
</testsuite> <!-- day05.Program04 -->
