<?xml version="1.0" encoding="UTF-8"?>
<!-- Generated by org.testng.reporters.JUnitReportReporter -->
<testsuite hostname="LAPTOP-7QKK0S96" failures="0" tests="1" name="day06.Program05" time="42.122" errors="0" timestamp="2023-02-25T11:24:48 IST" skipped="0">
  <testcase classname="day06.Program05" name="testcase" time="42.122"/>
  <system-out/>
</testsuite> <!-- day06.Program05 -->
