<?xml version="1.0" encoding="UTF-8"?>
<!-- Generated by org.testng.reporters.JUnitReportReporter -->
<testsuite hostname="LAPTOP-7QKK0S96" failures="0" tests="4" name="day05.Program03" time="0.111" errors="0" timestamp="2023-02-24T11:49:20 IST" skipped="2">
  <testcase classname="day05.Program03" name="testcase2" time="0.105"/>
  <system-out/>
  <testcase classname="day05.Program03" name="testcase4" time="0.006"/>
  <system-out/>
  <testcase classname="day05.Program03" name="testcase1">
    <skipped/>
  </testcase> <!-- testcase1 -->
  <system-out/>
  <testcase classname="day05.Program03" name="testcase3">
    <skipped/>
  </testcase> <!-- testcase3 -->
  <system-out/>
</testsuite> <!-- day05.Program03 -->
