<?xml version="1.0" encoding="UTF-8"?>
<!-- Generated by org.testng.reporters.JUnitReportReporter -->
<testsuite hostname="LAPTOP-7QKK0S96" failures="0" tests="5" name="day06.Program01" time="0.088" errors="0" timestamp="2023-02-25T09:33:29 IST" skipped="0">
  <testcase classname="day06.Program01" name="testcase1" time="0.005"/>
  <system-out/>
  <testcase classname="day06.Program01" name="testcase1" time="0.066"/>
  <system-out/>
  <testcase classname="day06.Program01" name="testcase1" time="0.005"/>
  <system-out/>
  <testcase classname="day06.Program01" name="testcase1" time="0.007"/>
  <system-out/>
  <testcase classname="day06.Program01" name="testcase1" time="0.005"/>
  <system-out/>
</testsuite> <!-- day06.Program01 -->
